#! /c/Source/iverilog-install/bin/vvp
:ivl_version "12.0 (devel)" "(s20150603-1110-g18392a46)";
:ivl_delay_selection "TYPICAL";
:vpi_time_precision - 12;
:vpi_module "C:\iverilog\lib\ivl\system.vpi";
:vpi_module "C:\iverilog\lib\ivl\vhdl_sys.vpi";
:vpi_module "C:\iverilog\lib\ivl\vhdl_textio.vpi";
:vpi_module "C:\iverilog\lib\ivl\v2005_math.vpi";
:vpi_module "C:\iverilog\lib\ivl\va_math.vpi";
S_00000183dbbad7a0 .scope module, "avg_filter_tb" "avg_filter_tb" 2 3;
 .timescale -9 -12;
v00000183dbc2c330_0 .var "clk", 0 0;
v00000183dbc2c470_0 .net "filt_out", 7 0, L_00000183dbc2b930;  1 drivers
v00000183dbc2b7f0_0 .var/i "i", 31 0;
v00000183dbc2ca10_0 .var/i "mismatch_count", 31 0;
v00000183dbc2bbb0_0 .var "ref_filt_out", 7 0;
v00000183dbc2c010_0 .var "ref_loaded_cnt", 2 0;
v00000183dbc2c5b0_0 .var "ref_sum", 9 0;
v00000183dbc2b6b0_0 .var "ref_tap0", 7 0;
v00000183dbc2c150_0 .var "ref_tap1", 7 0;
v00000183dbc2bc50_0 .var "ref_tap2", 7 0;
v00000183dbc2bd90_0 .var "ref_tap3", 7 0;
v00000183dbc2d050_0 .var "ref_valid_out", 0 0;
v00000183dbc2cab0_0 .var "rst_n", 0 0;
v00000183dbc2b750_0 .var "sample_in", 7 0;
v00000183dbc2c1f0_0 .var "valid_in", 0 0;
v00000183dbc2c790_0 .net "valid_out", 0 0, L_00000183dbc2b9d0;  1 drivers
E_00000183dbbaf790 .event negedge, v00000183dbbaba80_0;
S_00000183dbbae9d0 .scope module, "dut" "avg_filter" 2 21, 3 1 0, S_00000183dbbad7a0;
 .timescale 0 0;
    .port_info 0 /INPUT 1 "clk";
    .port_info 1 /INPUT 1 "rst_n";
    .port_info 2 /INPUT 8 "sample_in";
    .port_info 3 /INPUT 1 "valid_in";
    .port_info 4 /OUTPUT 8 "filt_out";
    .port_info 5 /OUTPUT 1 "valid_out";
L_00000183dbcf0238 .functor BUFT 1, C4<100>, C4<0>, C4<0>, C4<0>;
v00000183dbc2c830_0 .net/2u *"_ivl_2", 2 0, L_00000183dbcf0238;  1 drivers
v00000183dbc2b570_0 .net "clk", 0 0, v00000183dbc2c330_0;  1 drivers
v00000183dbc2d230_0 .net "filt_out", 7 0, L_00000183dbc2b930;  alias, 1 drivers
v00000183dbc2cb50_0 .var "loaded_cnt", 2 0;
v00000183dbc2bb10_0 .net "rst_n", 0 0, v00000183dbc2cab0_0;  1 drivers
v00000183dbc2cdd0_0 .net "sample_in", 7 0, v00000183dbc2b750_0;  1 drivers
v00000183dbc2cf10_0 .net "sum_total", 9 0, L_00000183dbc2b890;  1 drivers
v00000183dbc2c6f0_0 .net "tap0", 7 0, v00000183dbbabbc0_0;  1 drivers
v00000183dbc2bf70_0 .net "tap1", 7 0, v00000183dbbac160_0;  1 drivers
v00000183dbc2bed0_0 .net "tap2", 7 0, v00000183dbbac480_0;  1 drivers
v00000183dbc2c0b0_0 .net "tap3", 7 0, v00000183dbbabee0_0;  1 drivers
v00000183dbc2b610_0 .net "valid_in", 0 0, v00000183dbc2c1f0_0;  1 drivers
v00000183dbc2c3d0_0 .net "valid_out", 0 0, L_00000183dbc2b9d0;  alias, 1 drivers
L_00000183dbc2b930 .part L_00000183dbc2b890, 2, 8;
L_00000183dbc2b9d0 .cmp/eq 3, v00000183dbc2cb50_0, L_00000183dbcf0238;
S_00000183dbbb70e0 .scope module, "u_shift_reg" "sample_shift_reg" 3 13, 4 1 0, S_00000183dbbae9d0;
 .timescale 0 0;
    .port_info 0 /INPUT 1 "clk";
    .port_info 1 /INPUT 1 "rst_n";
    .port_info 2 /INPUT 1 "shift_en";
    .port_info 3 /INPUT 8 "sample_in";
    .port_info 4 /OUTPUT 8 "tap0";
    .port_info 5 /OUTPUT 8 "tap1";
    .port_info 6 /OUTPUT 8 "tap2";
    .port_info 7 /OUTPUT 8 "tap3";
v00000183dbbaba80_0 .net "clk", 0 0, v00000183dbc2c330_0;  alias, 1 drivers
v00000183dbbab9e0_0 .net "rst_n", 0 0, v00000183dbc2cab0_0;  alias, 1 drivers
v00000183dbbac200_0 .net "sample_in", 7 0, v00000183dbc2b750_0;  alias, 1 drivers
v00000183dbbabe40_0 .net "shift_en", 0 0, v00000183dbc2c1f0_0;  alias, 1 drivers
v00000183dbbac0c0_0 .net "tap0", 7 0, v00000183dbbabbc0_0;  alias, 1 drivers
v00000183dbbabbc0_0 .var "tap0_r", 7 0;
v00000183dbbabc60_0 .net "tap1", 7 0, v00000183dbbac160_0;  alias, 1 drivers
v00000183dbbac160_0 .var "tap1_r", 7 0;
v00000183dbbabf80_0 .net "tap2", 7 0, v00000183dbbac480_0;  alias, 1 drivers
v00000183dbbac480_0 .var "tap2_r", 7 0;
v00000183dbbac2a0_0 .net "tap3", 7 0, v00000183dbbabee0_0;  alias, 1 drivers
v00000183dbbabee0_0 .var "tap3_r", 7 0;
E_00000183dbbb0290 .event posedge, v00000183dbbaba80_0;
S_00000183dbbd84a0 .scope module, "u_sum" "sum" 3 26, 5 1 0, S_00000183dbbae9d0;
 .timescale 0 0;
    .port_info 0 /INPUT 8 "in0";
    .port_info 1 /INPUT 8 "in1";
    .port_info 2 /INPUT 8 "in2";
    .port_info 3 /INPUT 8 "in3";
    .port_info 4 /OUTPUT 10 "sum";
L_00000183dbcf0088 .functor BUFT 1, C4<0>, C4<0>, C4<0>, C4<0>;
v00000183dbbabd00_0 .net/2u *"_ivl_0", 0 0, L_00000183dbcf0088;  1 drivers
L_00000183dbcf0118 .functor BUFT 1, C4<0>, C4<0>, C4<0>, C4<0>;
v00000183dbbac340_0 .net/2u *"_ivl_10", 0 0, L_00000183dbcf0118;  1 drivers
v00000183dbbac020_0 .net *"_ivl_12", 8 0, L_00000183dbc2ce70;  1 drivers
L_00000183dbcf0160 .functor BUFT 1, C4<0>, C4<0>, C4<0>, C4<0>;
v00000183dbbac520_0 .net/2u *"_ivl_14", 0 0, L_00000183dbcf0160;  1 drivers
v00000183dbbabb20_0 .net *"_ivl_16", 8 0, L_00000183dbc2c8d0;  1 drivers
v00000183dbbab760_0 .net *"_ivl_2", 8 0, L_00000183dbc2cc90;  1 drivers
L_00000183dbcf01a8 .functor BUFT 1, C4<0>, C4<0>, C4<0>, C4<0>;
v00000183dbbab6c0_0 .net/2u *"_ivl_20", 0 0, L_00000183dbcf01a8;  1 drivers
v00000183dbbac3e0_0 .net *"_ivl_22", 9 0, L_00000183dbc2b430;  1 drivers
L_00000183dbcf01f0 .functor BUFT 1, C4<0>, C4<0>, C4<0>, C4<0>;
v00000183dbbab8a0_0 .net/2u *"_ivl_24", 0 0, L_00000183dbcf01f0;  1 drivers
v00000183dbbab940_0 .net *"_ivl_26", 9 0, L_00000183dbc2b4d0;  1 drivers
L_00000183dbcf00d0 .functor BUFT 1, C4<0>, C4<0>, C4<0>, C4<0>;
v00000183dbc2be30_0 .net/2u *"_ivl_4", 0 0, L_00000183dbcf00d0;  1 drivers
v00000183dbc2d0f0_0 .net *"_ivl_6", 8 0, L_00000183dbc2d2d0;  1 drivers
v00000183dbc2cfb0_0 .net "in0", 7 0, v00000183dbbabbc0_0;  alias, 1 drivers
v00000183dbc2c510_0 .net "in1", 7 0, v00000183dbbac160_0;  alias, 1 drivers
v00000183dbc2bcf0_0 .net "in2", 7 0, v00000183dbbac480_0;  alias, 1 drivers
v00000183dbc2cd30_0 .net "in3", 7 0, v00000183dbbabee0_0;  alias, 1 drivers
v00000183dbc2c650_0 .net "sum", 9 0, L_00000183dbc2b890;  alias, 1 drivers
v00000183dbc2cbf0_0 .net "sum_a", 8 0, L_00000183dbc2c290;  1 drivers
v00000183dbc2d190_0 .net "sum_b", 8 0, L_00000183dbc2c970;  1 drivers
L_00000183dbc2cc90 .concat [ 8 1 0 0], v00000183dbbabbc0_0, L_00000183dbcf0088;
L_00000183dbc2d2d0 .concat [ 8 1 0 0], v00000183dbbac160_0, L_00000183dbcf00d0;
L_00000183dbc2c290 .arith/sum 9, L_00000183dbc2cc90, L_00000183dbc2d2d0;
L_00000183dbc2ce70 .concat [ 8 1 0 0], v00000183dbbac480_0, L_00000183dbcf0118;
L_00000183dbc2c8d0 .concat [ 8 1 0 0], v00000183dbbabee0_0, L_00000183dbcf0160;
L_00000183dbc2c970 .arith/sum 9, L_00000183dbc2ce70, L_00000183dbc2c8d0;
L_00000183dbc2b430 .concat [ 9 1 0 0], L_00000183dbc2c290, L_00000183dbcf01a8;
L_00000183dbc2b4d0 .concat [ 9 1 0 0], L_00000183dbc2c970, L_00000183dbcf01f0;
L_00000183dbc2b890 .arith/sum 10, L_00000183dbc2b430, L_00000183dbc2b4d0;
    .scope S_00000183dbbb70e0;
T_0 ;
    %wait E_00000183dbbb0290;
    %load/vec4 v00000183dbbab9e0_0;
    %nor/r;
    %flag_set/vec4 8;
    %jmp/0xz  T_0.0, 8;
    %pushi/vec4 0, 0, 8;
    %assign/vec4 v00000183dbbabbc0_0, 0;
    %pushi/vec4 0, 0, 8;
    %assign/vec4 v00000183dbbac160_0, 0;
    %pushi/vec4 0, 0, 8;
    %assign/vec4 v00000183dbbac480_0, 0;
    %pushi/vec4 0, 0, 8;
    %assign/vec4 v00000183dbbabee0_0, 0;
    %jmp T_0.1;
T_0.0 ;
    %load/vec4 v00000183dbbabe40_0;
    %flag_set/vec4 8;
    %jmp/0xz  T_0.2, 8;
    %load/vec4 v00000183dbbac480_0;
    %assign/vec4 v00000183dbbabee0_0, 0;
    %load/vec4 v00000183dbbac160_0;
    %assign/vec4 v00000183dbbac480_0, 0;
    %load/vec4 v00000183dbbabbc0_0;
    %assign/vec4 v00000183dbbac160_0, 0;
    %load/vec4 v00000183dbbac200_0;
    %assign/vec4 v00000183dbbabbc0_0, 0;
T_0.2 ;
T_0.1 ;
    %jmp T_0;
    .thread T_0;
    .scope S_00000183dbbae9d0;
T_1 ;
    %wait E_00000183dbbb0290;
    %load/vec4 v00000183dbc2bb10_0;
    %nor/r;
    %flag_set/vec4 8;
    %jmp/0xz  T_1.0, 8;
    %pushi/vec4 0, 0, 3;
    %assign/vec4 v00000183dbc2cb50_0, 0;
    %jmp T_1.1;
T_1.0 ;
    %load/vec4 v00000183dbc2b610_0;
    %load/vec4 v00000183dbc2cb50_0;
    %cmpi/u 4, 0, 3;
    %flag_get/vec4 5;
    %and;
    %flag_set/vec4 8;
    %jmp/0xz  T_1.2, 8;
    %load/vec4 v00000183dbc2cb50_0;
    %addi 1, 0, 3;
    %assign/vec4 v00000183dbc2cb50_0, 0;
T_1.2 ;
T_1.1 ;
    %jmp T_1;
    .thread T_1;
    .scope S_00000183dbbad7a0;
T_2 ;
    %pushi/vec4 0, 0, 1;
    %store/vec4 v00000183dbc2c330_0, 0, 1;
    %end;
    .thread T_2;
    .scope S_00000183dbbad7a0;
T_3 ;
    %delay 5000, 0;
    %load/vec4 v00000183dbc2c330_0;
    %inv;
    %store/vec4 v00000183dbc2c330_0, 0, 1;
    %jmp T_3;
    .thread T_3;
    .scope S_00000183dbbad7a0;
T_4 ;
    %vpi_call 2 34 "$dumpfile", "avg_filter_tb.vcd" {0 0 0};
    %vpi_call 2 35 "$dumpvars", 32'sb00000000000000000000000000000000, S_00000183dbbad7a0 {0 0 0};
    %end;
    .thread T_4;
    .scope S_00000183dbbad7a0;
T_5 ;
    %wait E_00000183dbbb0290;
    %load/vec4 v00000183dbc2cab0_0;
    %nor/r;
    %flag_set/vec4 8;
    %jmp/0xz  T_5.0, 8;
    %pushi/vec4 0, 0, 8;
    %assign/vec4 v00000183dbc2b6b0_0, 0;
    %pushi/vec4 0, 0, 8;
    %assign/vec4 v00000183dbc2c150_0, 0;
    %pushi/vec4 0, 0, 8;
    %assign/vec4 v00000183dbc2bc50_0, 0;
    %pushi/vec4 0, 0, 8;
    %assign/vec4 v00000183dbc2bd90_0, 0;
    %pushi/vec4 0, 0, 3;
    %assign/vec4 v00000183dbc2c010_0, 0;
    %jmp T_5.1;
T_5.0 ;
    %load/vec4 v00000183dbc2c1f0_0;
    %flag_set/vec4 8;
    %jmp/0xz  T_5.2, 8;
    %load/vec4 v00000183dbc2bc50_0;
    %assign/vec4 v00000183dbc2bd90_0, 0;
    %load/vec4 v00000183dbc2c150_0;
    %assign/vec4 v00000183dbc2bc50_0, 0;
    %load/vec4 v00000183dbc2b6b0_0;
    %assign/vec4 v00000183dbc2c150_0, 0;
    %load/vec4 v00000183dbc2b750_0;
    %assign/vec4 v00000183dbc2b6b0_0, 0;
    %load/vec4 v00000183dbc2c010_0;
    %cmpi/u 4, 0, 3;
    %jmp/0xz  T_5.4, 5;
    %load/vec4 v00000183dbc2c010_0;
    %addi 1, 0, 3;
    %assign/vec4 v00000183dbc2c010_0, 0;
T_5.4 ;
T_5.2 ;
T_5.1 ;
    %jmp T_5;
    .thread T_5;
    .scope S_00000183dbbad7a0;
T_6 ;
    %wait E_00000183dbbaf790;
    %load/vec4 v00000183dbc2b6b0_0;
    %pad/u 10;
    %load/vec4 v00000183dbc2c150_0;
    %pad/u 10;
    %add;
    %load/vec4 v00000183dbc2bc50_0;
    %pad/u 10;
    %add;
    %load/vec4 v00000183dbc2bd90_0;
    %pad/u 10;
    %add;
    %store/vec4 v00000183dbc2c5b0_0, 0, 10;
    %load/vec4 v00000183dbc2c5b0_0;
    %ix/load 4, 2, 0;
    %flag_set/imm 4, 0;
    %shiftr 4;
    %pad/u 8;
    %store/vec4 v00000183dbc2bbb0_0, 0, 8;
    %load/vec4 v00000183dbc2c010_0;
    %pushi/vec4 4, 0, 3;
    %cmp/e;
    %flag_get/vec4 4;
    %store/vec4 v00000183dbc2d050_0, 0, 1;
    %load/vec4 v00000183dbc2cab0_0;
    %flag_set/vec4 8;
    %jmp/0xz  T_6.0, 8;
    %load/vec4 v00000183dbc2c470_0;
    %load/vec4 v00000183dbc2bbb0_0;
    %cmp/ne;
    %flag_mov 8, 6;
    %load/vec4 v00000183dbc2c790_0;
    %load/vec4 v00000183dbc2d050_0;
    %cmp/ne;
    %flag_or 6, 8;
    %jmp/0xz  T_6.2, 6;
    %load/vec4 v00000183dbc2ca10_0;
    %addi 1, 0, 32;
    %store/vec4 v00000183dbc2ca10_0, 0, 32;
    %vpi_call 2 63 "$display", "MISMATCH @ t=%0t : sample_in=%0d valid_in=%0b | DUT(filt=%0d,valid=%0b)  EXPECTED(filt=%0d,valid=%0b)", $time, v00000183dbc2b750_0, v00000183dbc2c1f0_0, v00000183dbc2c470_0, v00000183dbc2c790_0, v00000183dbc2bbb0_0, v00000183dbc2d050_0 {0 0 0};
T_6.2 ;
T_6.0 ;
    %jmp T_6;
    .thread T_6;
    .scope S_00000183dbbad7a0;
T_7 ;
    %pushi/vec4 0, 0, 32;
    %store/vec4 v00000183dbc2ca10_0, 0, 32;
    %pushi/vec4 0, 0, 1;
    %store/vec4 v00000183dbc2cab0_0, 0, 1;
    %pushi/vec4 0, 0, 8;
    %store/vec4 v00000183dbc2b750_0, 0, 8;
    %pushi/vec4 0, 0, 1;
    %store/vec4 v00000183dbc2c1f0_0, 0, 1;
    %pushi/vec4 2, 0, 32;
T_7.0 %dup/vec4;
    %pushi/vec4 0, 0, 32;
    %cmp/s;
    %jmp/1xz T_7.1, 5;
    %jmp/1 T_7.1, 4;
    %pushi/vec4 1, 0, 32;
    %sub;
    %wait E_00000183dbbaf790;
    %jmp T_7.0;
T_7.1 ;
    %pop/vec4 1;
    %pushi/vec4 1, 0, 1;
    %store/vec4 v00000183dbc2cab0_0, 0, 1;
    %pushi/vec4 0, 0, 32;
    %store/vec4 v00000183dbc2b7f0_0, 0, 32;
T_7.2 ;
    %load/vec4 v00000183dbc2b7f0_0;
    %cmpi/s 16, 0, 32;
    %jmp/0xz T_7.3, 5;
    %wait E_00000183dbbaf790;
    %load/vec4 v00000183dbc2b7f0_0;
    %pad/s 8;
    %store/vec4 v00000183dbc2b750_0, 0, 8;
    %pushi/vec4 1, 0, 1;
    %store/vec4 v00000183dbc2c1f0_0, 0, 1;
    %load/vec4 v00000183dbc2b7f0_0;
    %addi 1, 0, 32;
    %store/vec4 v00000183dbc2b7f0_0, 0, 32;
    %jmp T_7.2;
T_7.3 ;
    %pushi/vec4 0, 0, 32;
    %store/vec4 v00000183dbc2b7f0_0, 0, 32;
T_7.4 ;
    %load/vec4 v00000183dbc2b7f0_0;
    %cmpi/s 6, 0, 32;
    %jmp/0xz T_7.5, 5;
    %wait E_00000183dbbaf790;
    %pushi/vec4 100, 0, 8;
    %store/vec4 v00000183dbc2b750_0, 0, 8;
    %pushi/vec4 1, 0, 1;
    %store/vec4 v00000183dbc2c1f0_0, 0, 1;
    %load/vec4 v00000183dbc2b7f0_0;
    %addi 1, 0, 32;
    %store/vec4 v00000183dbc2b7f0_0, 0, 32;
    %jmp T_7.4;
T_7.5 ;
    %pushi/vec4 0, 0, 32;
    %store/vec4 v00000183dbc2b7f0_0, 0, 32;
T_7.6 ;
    %load/vec4 v00000183dbc2b7f0_0;
    %cmpi/s 3, 0, 32;
    %jmp/0xz T_7.7, 5;
    %wait E_00000183dbbaf790;
    %pushi/vec4 200, 0, 8;
    %store/vec4 v00000183dbc2b750_0, 0, 8;
    %pushi/vec4 0, 0, 1;
    %store/vec4 v00000183dbc2c1f0_0, 0, 1;
    %load/vec4 v00000183dbc2b7f0_0;
    %addi 1, 0, 32;
    %store/vec4 v00000183dbc2b7f0_0, 0, 32;
    %jmp T_7.6;
T_7.7 ;
    %pushi/vec4 0, 0, 32;
    %store/vec4 v00000183dbc2b7f0_0, 0, 32;
T_7.8 ;
    %load/vec4 v00000183dbc2b7f0_0;
    %cmpi/s 20, 0, 32;
    %jmp/0xz T_7.9, 5;
    %wait E_00000183dbbaf790;
    %vpi_func 2 102 "$random" 32 {0 0 0};
    %pad/s 8;
    %store/vec4 v00000183dbc2b750_0, 0, 8;
    %pushi/vec4 1, 0, 1;
    %store/vec4 v00000183dbc2c1f0_0, 0, 1;
    %load/vec4 v00000183dbc2b7f0_0;
    %addi 1, 0, 32;
    %store/vec4 v00000183dbc2b7f0_0, 0, 32;
    %jmp T_7.8;
T_7.9 ;
    %wait E_00000183dbbaf790;
    %pushi/vec4 0, 0, 1;
    %store/vec4 v00000183dbc2c1f0_0, 0, 1;
    %pushi/vec4 3, 0, 32;
T_7.10 %dup/vec4;
    %pushi/vec4 0, 0, 32;
    %cmp/s;
    %jmp/1xz T_7.11, 5;
    %jmp/1 T_7.11, 4;
    %pushi/vec4 1, 0, 32;
    %sub;
    %wait E_00000183dbbaf790;
    %jmp T_7.10;
T_7.11 ;
    %pop/vec4 1;
    %load/vec4 v00000183dbc2ca10_0;
    %cmpi/e 0, 0, 32;
    %jmp/0xz  T_7.12, 4;
    %vpi_call 2 111 "$display", "\012*** TEST PASSED: filt_out/valid_out matched the behavioral reference on every cycle ***\012" {0 0 0};
    %jmp T_7.13;
T_7.12 ;
    %vpi_call 2 113 "$display", "\012*** TEST FAILED: %0d mismatch(es) detected (see log above) ***\012", v00000183dbc2ca10_0 {0 0 0};
T_7.13 ;
    %vpi_call 2 115 "$finish" {0 0 0};
    %end;
    .thread T_7;
# The file index is used to find the file name in the following table.
:file_names 6;
    "N/A";
    "<interactive>";
    "rtl_codes\tb\avg_filter_tb.v";
    "rtl_codes\avg_filter.v";
    "rtl_codes\shift_reg.v";
    "rtl_codes\sum.v";
